Determining if the pthread_create exist failed with the following output:
Change Dir: /home/mkv/catkin_ws_reachgoal/build/CMakeFiles/CMakeTmp

Run Build Command:"/usr/bin/make" "cmTC_542bb/fast"
/usr/bin/make -f CMakeFiles/cmTC_542bb.dir/build.make CMakeFiles/cmTC_542bb.dir/build
make[1]: Entering directory '/home/mkv/catkin_ws_reachgoal/build/CMakeFiles/CMakeTmp'
Building C object CMakeFiles/cmTC_542bb.dir/CheckSymbolExists.c.o
/usr/bin/cc     -o CMakeFiles/cmTC_542bb.dir/CheckSymbolExists.c.o   -c /home/mkv/catkin_ws_reachgoal/build/CMakeFiles/CMakeTmp/CheckSymbolExists.c
Linking C executable cmTC_542bb
/usr/bin/cmake -E cmake_link_script CMakeFiles/cmTC_542bb.dir/link.txt --verbose=1
/usr/bin/cc       CMakeFiles/cmTC_542bb.dir/CheckSymbolExists.c.o  -o cmTC_542bb -rdynamic 
CMakeFiles/cmTC_542bb.dir/CheckSymbolExists.c.o: In function `main':
CheckSymbolExists.c:(.text+0x16): undefined reference to `pthread_create'
collect2: error: ld returned 1 exit status
CMakeFiles/cmTC_542bb.dir/build.make:97: recipe for target 'cmTC_542bb' failed
make[1]: *** [cmTC_542bb] Error 1
make[1]: Leaving directory '/home/mkv/catkin_ws_reachgoal/build/CMakeFiles/CMakeTmp'
Makefile:126: recipe for target 'cmTC_542bb/fast' failed
make: *** [cmTC_542bb/fast] Error 2

File /home/mkv/catkin_ws_reachgoal/build/CMakeFiles/CMakeTmp/CheckSymbolExists.c:
/* */
#include <pthread.h>

int main(int argc, char** argv)
{
  (void)argv;
#ifndef pthread_create
  return ((int*)(&pthread_create))[argc];
#else
  (void)argc;
  return 0;
#endif
}

Determining if the function pthread_create exists in the pthreads failed with the following output:
Change Dir: /home/mkv/catkin_ws_reachgoal/build/CMakeFiles/CMakeTmp

Run Build Command:"/usr/bin/make" "cmTC_81a3d/fast"
/usr/bin/make -f CMakeFiles/cmTC_81a3d.dir/build.make CMakeFiles/cmTC_81a3d.dir/build
make[1]: Entering directory '/home/mkv/catkin_ws_reachgoal/build/CMakeFiles/CMakeTmp'
Building C object CMakeFiles/cmTC_81a3d.dir/CheckFunctionExists.c.o
/usr/bin/cc    -DCHECK_FUNCTION_EXISTS=pthread_create   -o CMakeFiles/cmTC_81a3d.dir/CheckFunctionExists.c.o   -c /usr/share/cmake-3.5/Modules/CheckFunctionExists.c
Linking C executable cmTC_81a3d
/usr/bin/cmake -E cmake_link_script CMakeFiles/cmTC_81a3d.dir/link.txt --verbose=1
/usr/bin/cc   -DCHECK_FUNCTION_EXISTS=pthread_create    CMakeFiles/cmTC_81a3d.dir/CheckFunctionExists.c.o  -o cmTC_81a3d -rdynamic -lpthreads 
/usr/bin/ld: cannot find -lpthreads
collect2: error: ld returned 1 exit status
CMakeFiles/cmTC_81a3d.dir/build.make:97: recipe for target 'cmTC_81a3d' failed
make[1]: *** [cmTC_81a3d] Error 1
make[1]: Leaving directory '/home/mkv/catkin_ws_reachgoal/build/CMakeFiles/CMakeTmp'
Makefile:126: recipe for target 'cmTC_81a3d/fast' failed
make: *** [cmTC_81a3d/fast] Error 2


